#
# There is insufficient memory for the Java Runtime Environment to continue.
# Native memory allocation (malloc) failed to allocate 707696 bytes for Chunk::new
# Possible reasons:
#   The system is out of physical RAM or swap space
#   In 32 bit mode, the process size limit was hit
# Possible solutions:
#   Reduce memory load on the system
#   Increase physical memory or swap space
#   Check if swap backing store is full
#   Use 64 bit Java on a 64 bit OS
#   Decrease Java heap size (-Xmx/-Xms)
#   Decrease number of Java threads
#   Decrease Java thread stack sizes (-Xss)
#   Set larger code cache with -XX:ReservedCodeCacheSize=
# This output file may be truncated or incomplete.
#
#  Out of Memory Error (allocation.cpp:323), pid=32380, tid=19848
#
# JRE version: Java(TM) SE Runtime Environment (7.0_80-b15) (build 1.7.0_80-b15)
# Java VM: Java HotSpot(TM) 64-Bit Server VM (24.80-b11 mixed mode windows-amd64 compressed oops)
# Failed to write core dump. Minidumps are not enabled by default on client versions of Windows
#

---------------  T H R E A D  ---------------

Current thread (0x000000000b0d4000):  JavaThread "C2 CompilerThread0" daemon [_thread_in_native, id=19848, stack(0x000000000b6a0000,0x000000000b7a0000)]

Stack: [0x000000000b6a0000,0x000000000b7a0000]
[error occurred during error reporting (printing stack bounds), id 0xc0000005]


[error occurred during error reporting (printing native stack), id 0xc0000005]


Current CompileTask:
C2:   4492  680             java.beans.Introspector::getTargetMethodInfo (255 bytes)


---------------  P R O C E S S  ---------------

Java Threads: ( => current thread )
  0x000000000b0d5800 JavaThread "File lock request listener" [_thread_in_native, id=1012, stack(0x000000000d940000,0x000000000da40000)]
  0x000000000b0db800 JavaThread "Stdin handler" [_thread_blocked, id=31776, stack(0x000000000d840000,0x000000000d940000)]
  0x000000000b0db000 JavaThread "Daemon worker" [_thread_in_Java, id=1416, stack(0x000000000d740000,0x000000000d840000)]
  0x000000000b0da000 JavaThread "Cancel handler" [_thread_blocked, id=39772, stack(0x000000000d640000,0x000000000d740000)]
  0x000000000b0d9800 JavaThread "Handler for socket connection from /127.0.0.1:2616 to /127.0.0.1:2618" [_thread_in_native, id=29372, stack(0x000000000d540000,0x000000000d640000)]
  0x000000000b0d8800 JavaThread "Daemon" [_thread_blocked, id=27048, stack(0x000000000d440000,0x000000000d540000)]
  0x000000000b0d7000 JavaThread "Incoming local TCP Connector on port 2616" [_thread_in_native, id=20576, stack(0x000000000d2e0000,0x000000000d3e0000)]
  0x000000000279b000 JavaThread "Service Thread" daemon [_thread_blocked, id=26020, stack(0x000000000b8a0000,0x000000000b9a0000)]
  0x000000000b0d8000 JavaThread "C2 CompilerThread1" daemon [_thread_in_native, id=29452, stack(0x000000000b7a0000,0x000000000b8a0000)]
=>0x000000000b0d4000 JavaThread "C2 CompilerThread0" daemon [_thread_in_native, id=19848, stack(0x000000000b6a0000,0x000000000b7a0000)]
  0x0000000002796800 JavaThread "Attach Listener" daemon [_thread_blocked, id=35400, stack(0x000000000b5a0000,0x000000000b6a0000)]
  0x000000000b0d3000 JavaThread "Signal Dispatcher" daemon [_thread_blocked, id=15968, stack(0x000000000b4a0000,0x000000000b5a0000)]
  0x00000000090e0000 JavaThread "Finalizer" daemon [_thread_blocked, id=38224, stack(0x000000000afa0000,0x000000000b0a0000)]
  0x00000000090d9800 JavaThread "Reference Handler" daemon [_thread_blocked, id=31900, stack(0x000000000aea0000,0x000000000afa0000)]
  0x000000000097d800 JavaThread "main" [_thread_blocked, id=16596, stack(0x00000000025a0000,0x00000000026a0000)]

Other Threads:
  0x00000000090d5800 VMThread [stack: 0x000000000ada0000,0x000000000aea0000] [id=6088]
  0x000000000279e800 WatcherThread [stack: 0x000000000b9a0000,0x000000000baa0000] [id=23316]

VM state:not at safepoint (normal execution)

VM Mutex/Monitor currently owned by a thread: None

Heap
 PSYoungGen      total 38400K, used 9199K [0x00000000eaa80000, 0x00000000ed500000, 0x0000000100000000)
  eden space 33280K, 14% used [0x00000000eaa80000,0x00000000eaf28ac0,0x00000000ecb00000)
  from space 5120K, 86% used [0x00000000ecb00000,0x00000000ecf53290,0x00000000ed000000)
  to   space 5120K, 0% used [0x00000000ed000000,0x00000000ed000000,0x00000000ed500000)
 ParOldGen       total 72704K, used 17352K [0x00000000c0000000, 0x00000000c4700000, 0x00000000eaa80000)
  object space 72704K, 23% used [0x00000000c0000000,0x00000000c10f2208,0x00000000c4700000)
 PSPermGen       total 34816K, used 34708K [0x00000000b0000000, 0x00000000b2200000, 0x00000000c0000000)
  object space 34816K, 99% used [0x00000000b0000000,0x00000000b21e53f8,0x00000000b2200000)

Card table byte_map: [0x0000000005860000,0x0000000005af0000] byte_map_base: 0x00000000052e0000

Polling page: 0x0000000000940000

Code Cache  [0x00000000027a0000, 0x0000000002ad0000, 0x00000000057a0000)
 total_blobs=1243 nmethods=641 adapters=554 free_code_cache=46011Kb largest_free_block=47052992

Compilation events (10 events):
Event: 4.386 Thread 0x000000000b0d8000 nmethod 675 0x0000000002aa8350 code [0x0000000002aa8480, 0x0000000002aa84d8]
Event: 4.386 Thread 0x000000000b0d8000  676             java.lang.reflect.Method::getGenericParameterTypes (20 bytes)
Event: 4.396 Thread 0x000000000b0d8000 nmethod 676 0x0000000002ab0b90 code [0x0000000002ab0d60, 0x0000000002ab1588]
Event: 4.396 Thread 0x000000000b0d8000  677             java.lang.Class::getTypeParameters (26 bytes)
Event: 4.402 Thread 0x000000000b0d8000 nmethod 677 0x0000000002aaebd0 code [0x0000000002aaed80, 0x0000000002aaf360]
Event: 4.402 Thread 0x000000000b0d8000  678             com.sun.beans.TypeResolver::resolve (37 bytes)
Event: 4.403 Thread 0x000000000b0d4000 nmethod 673 0x0000000002abc710 code [0x0000000002abc9c0, 0x0000000002abe650]
Event: 4.403 Thread 0x000000000b0d4000  679             java.util.jar.JarFile::maybeInstantiateVerifier (96 bytes)
Event: 4.407 Thread 0x000000000b0d4000 nmethod 679 0x0000000002aba250 code [0x0000000002aba3e0, 0x0000000002aba818]
Event: 4.407 Thread 0x000000000b0d4000  680             java.beans.Introspector::getTargetMethodInfo (255 bytes)

GC Heap History (10 events):
Event: 3.731 GC heap before
{Heap before GC invocations=8 (full 0):
 PSYoungGen      total 38400K, used 37611K [0x00000000eaa80000, 0x00000000ed500000, 0x0000000100000000)
  eden space 33280K, 100% used [0x00000000eaa80000,0x00000000ecb00000,0x00000000ecb00000)
  from space 5120K, 84% used [0x00000000ecb00000,0x00000000ecf3afb8,0x00000000ed000000)
  to   space 5120K, 0% used [0x00000000ed000000,0x00000000ed000000,0x00000000ed500000)
 ParOldGen       total 86528K, used 19837K [0x00000000c0000000, 0x00000000c5480000, 0x00000000eaa80000)
  object space 86528K, 22% used [0x00000000c0000000,0x00000000c135f550,0x00000000c5480000)
 PSPermGen       total 29696K, used 29351K [0x00000000b0000000, 0x00000000b1d00000, 0x00000000c0000000)
  object space 29696K, 98% used [0x00000000b0000000,0x00000000b1ca9f28,0x00000000b1d00000)
Event: 3.735 GC heap after
Heap after GC invocations=8 (full 0):
 PSYoungGen      total 38400K, used 4534K [0x00000000eaa80000, 0x00000000ed500000, 0x0000000100000000)
  eden space 33280K, 0% used [0x00000000eaa80000,0x00000000eaa80000,0x00000000ecb00000)
  from space 5120K, 88% used [0x00000000ed000000,0x00000000ed46d8e8,0x00000000ed500000)
  to   space 5120K, 0% used [0x00000000ecb00000,0x00000000ecb00000,0x00000000ed000000)
 ParOldGen       total 86528K, used 21522K [0x00000000c0000000, 0x00000000c5480000, 0x00000000eaa80000)
  object space 86528K, 24% used [0x00000000c0000000,0x00000000c1504870,0x00000000c5480000)
 PSPermGen       total 29696K, used 29351K [0x00000000b0000000, 0x00000000b1d00000, 0x00000000c0000000)
  object space 29696K, 98% used [0x00000000b0000000,0x00000000b1ca9f28,0x00000000b1d00000)
}
Event: 4.056 GC heap before
{Heap before GC invocations=9 (full 0):
 PSYoungGen      total 38400K, used 37814K [0x00000000eaa80000, 0x00000000ed500000, 0x0000000100000000)
  eden space 33280K, 100% used [0x00000000eaa80000,0x00000000ecb00000,0x00000000ecb00000)
  from space 5120K, 88% used [0x00000000ed000000,0x00000000ed46d8e8,0x00000000ed500000)
  to   space 5120K, 0% used [0x00000000ecb00000,0x00000000ecb00000,0x00000000ed000000)
 ParOldGen       total 86528K, used 21522K [0x00000000c0000000, 0x00000000c5480000, 0x00000000eaa80000)
  object space 86528K, 24% used [0x00000000c0000000,0x00000000c1504870,0x00000000c5480000)
 PSPermGen       total 33280K, used 32773K [0x00000000b0000000, 0x00000000b2080000, 0x00000000c0000000)
  object space 33280K, 98% used [0x00000000b0000000,0x00000000b20014d0,0x00000000b2080000)
Event: 4.063 GC heap after
Heap after GC invocations=9 (full 0):
 PSYoungGen      total 38400K, used 5115K [0x00000000eaa80000, 0x00000000ed500000, 0x0000000100000000)
  eden space 33280K, 0% used [0x00000000eaa80000,0x00000000eaa80000,0x00000000ecb00000)
  from space 5120K, 99% used [0x00000000ecb00000,0x00000000ecffed30,0x00000000ed000000)
  to   space 5120K, 0% used [0x00000000ed000000,0x00000000ed000000,0x00000000ed500000)
 ParOldGen       total 86528K, used 24001K [0x00000000c0000000, 0x00000000c5480000, 0x00000000eaa80000)
  object space 86528K, 27% used [0x00000000c0000000,0x00000000c1770610,0x00000000c5480000)
 PSPermGen       total 33280K, used 32773K [0x00000000b0000000, 0x00000000b2080000, 0x00000000c0000000)
  object space 33280K, 98% used [0x00000000b0000000,0x00000000b20014d0,0x00000000b2080000)
}
Event: 4.119 GC heap before
{Heap before GC invocations=10 (full 0):
 PSYoungGen      total 38400K, used 10978K [0x00000000eaa80000, 0x00000000ed500000, 0x0000000100000000)
  eden space 33280K, 17% used [0x00000000eaa80000,0x00000000eb039c08,0x00000000ecb00000)
  from space 5120K, 99% used [0x00000000ecb00000,0x00000000ecffed30,0x00000000ed000000)
  to   space 5120K, 0% used [0x00000000ed000000,0x00000000ed000000,0x00000000ed500000)
 ParOldGen       total 86528K, used 24001K [0x00000000c0000000, 0x00000000c5480000, 0x00000000eaa80000)
  object space 86528K, 27% used [0x00000000c0000000,0x00000000c1770610,0x00000000c5480000)
 PSPermGen       total 33280K, used 33279K [0x00000000b0000000, 0x00000000b2080000, 0x00000000c0000000)
  object space 33280K, 99% used [0x00000000b0000000,0x00000000b207fe00,0x00000000b2080000)
Event: 4.122 GC heap after
Heap after GC invocations=10 (full 0):
 PSYoungGen      total 38400K, used 2398K [0x00000000eaa80000, 0x00000000ed500000, 0x0000000100000000)
  eden space 33280K, 0% used [0x00000000eaa80000,0x00000000eaa80000,0x00000000ecb00000)
  from space 5120K, 46% used [0x00000000ed000000,0x00000000ed257a40,0x00000000ed500000)
  to   space 5120K, 0% used [0x00000000ecb00000,0x00000000ecb00000,0x00000000ed000000)
 ParOldGen       total 86528K, used 26477K [0x00000000c0000000, 0x00000000c5480000, 0x00000000eaa80000)
  object space 86528K, 30% used [0x00000000c0000000,0x00000000c19db660,0x00000000c5480000)
 PSPermGen       total 33280K, used 33279K [0x00000000b0000000, 0x00000000b2080000, 0x00000000c0000000)
  object space 33280K, 99% used [0x00000000b0000000,0x00000000b207fe00,0x00000000b2080000)
}
Event: 4.122 GC heap before
{Heap before GC invocations=11 (full 1):
 PSYoungGen      total 38400K, used 2398K [0x00000000eaa80000, 0x00000000ed500000, 0x0000000100000000)
  eden space 33280K, 0% used [0x00000000eaa80000,0x00000000eaa80000,0x00000000ecb00000)
  from space 5120K, 46% used [0x00000000ed000000,0x00000000ed257a40,0x00000000ed500000)
  to   space 5120K, 0% used [0x00000000ecb00000,0x00000000ecb00000,0x00000000ed000000)
 ParOldGen       total 86528K, used 26477K [0x00000000c0000000, 0x00000000c5480000, 0x00000000eaa80000)
  object space 86528K, 30% used [0x00000000c0000000,0x00000000c19db660,0x00000000c5480000)
 PSPermGen       total 33280K, used 33279K [0x00000000b0000000, 0x00000000b2080000, 0x00000000c0000000)
  object space 33280K, 99% used [0x00000000b0000000,0x00000000b207fe00,0x00000000b2080000)
Event: 4.232 GC heap after
Heap after GC invocations=11 (full 1):
 PSYoungGen      total 38400K, used 0K [0x00000000eaa80000, 0x00000000ed500000, 0x0000000100000000)
  eden space 33280K, 0% used [0x00000000eaa80000,0x00000000eaa80000,0x00000000ecb00000)
  from space 5120K, 0% used [0x00000000ed000000,0x00000000ed000000,0x00000000ed500000)
  to   space 5120K, 0% used [0x00000000ecb00000,0x00000000ecb00000,0x00000000ed000000)
 ParOldGen       total 72704K, used 17352K [0x00000000c0000000, 0x00000000c4700000, 0x00000000eaa80000)
  object space 72704K, 23% used [0x00000000c0000000,0x00000000c10f2208,0x00000000c4700000)
 PSPermGen       total 33280K, used 33246K [0x00000000b0000000, 0x00000000b2080000, 0x00000000c0000000)
  object space 33280K, 99% used [0x00000000b0000000,0x00000000b20778c8,0x00000000b2080000)
}
Event: 4.433 GC heap before
{Heap before GC invocations=12 (full 1):
 PSYoungGen      total 38400K, used 33280K [0x00000000eaa80000, 0x00000000ed500000, 0x0000000100000000)
  eden space 33280K, 100% used [0x00000000eaa80000,0x00000000ecb00000,0x00000000ecb00000)
  from space 5120K, 0% used [0x00000000ed000000,0x00000000ed000000,0x00000000ed500000)
  to   space 5120K, 0% used [0x00000000ecb00000,0x00000000ecb00000,0x00000000ed000000)
 ParOldGen       total 72704K, used 17352K [0x00000000c0000000, 0x00000000c4700000, 0x00000000eaa80000)
  object space 72704K, 23% used [0x00000000c0000000,0x00000000c10f2208,0x00000000c4700000)
 PSPermGen       total 34304K, used 34207K [0x00000000b0000000, 0x00000000b2180000, 0x00000000c0000000)
  object space 34304K, 99% used [0x00000000b0000000,0x00000000b2167f20,0x00000000b2180000)
Event: 4.436 GC heap after
Heap after GC invocations=12 (full 1):
 PSYoungGen      total 38400K, used 4428K [0x00000000eaa80000, 0x00000000ed500000, 0x0000000100000000)
  eden space 33280K, 0% used [0x00000000eaa80000,0x00000000eaa80000,0x00000000ecb00000)
  from space 5120K, 86% used [0x00000000ecb00000,0x00000000ecf53290,0x00000000ed000000)
  to   space 5120K, 0% used [0x00000000ed000000,0x00000000ed000000,0x00000000ed500000)
 ParOldGen       total 72704K, used 17352K [0x00000000c0000000, 0x00000000c4700000, 0x00000000eaa80000)
  object space 72704K, 23% used [0x00000000c0000000,0x00000000c10f2208,0x00000000c4700000)
 PSPermGen       total 34304K, used 34207K [0x00000000b0000000, 0x00000000b2180000, 0x00000000c0000000)
  object space 34304K, 99% used [0x00000000b0000000,0x00000000b2167f20,0x00000000b2180000)
}

Deoptimization events (10 events):
Event: 4.405 Thread 0x000000000b0db000 Uncommon trap: reason=bimorphic action=maybe_recompile pc=0x0000000002886378 method=java.util.HashMap.<init>(IF)V @ 115
Event: 4.465 Thread 0x000000000b0db000 Uncommon trap: reason=unstable_if action=reinterpret pc=0x00000000029a2d94 method=java.util.Properties$LineReader.readLine()I @ 263
Event: 4.466 Thread 0x000000000b0db000 Uncommon trap: reason=unstable_if action=reinterpret pc=0x000000000298892c method=java.util.Properties.loadConvert([CII[C)Ljava/lang/String; @ 4
Event: 4.466 Thread 0x000000000b0db000 Uncommon trap: reason=bimorphic action=maybe_recompile pc=0x0000000002a76ad4 method=java.util.regex.Pattern$Branch.match(Ljava/util/regex/Matcher;ILjava/lang/CharSequence;)Z @ 32
Event: 4.466 Thread 0x000000000b0db000 Uncommon trap: reason=bimorphic action=maybe_recompile pc=0x0000000002a76ad4 method=java.util.regex.Pattern$Branch.match(Ljava/util/regex/Matcher;ILjava/lang/CharSequence;)Z @ 32
Event: 4.473 Thread 0x000000000b0db000 Uncommon trap: reason=bimorphic action=maybe_recompile pc=0x0000000002a76ad4 method=java.util.regex.Pattern$Branch.match(Ljava/util/regex/Matcher;ILjava/lang/CharSequence;)Z @ 32
Event: 4.487 Thread 0x000000000b0db000 Uncommon trap: reason=class_check action=maybe_recompile pc=0x0000000002980284 method=java.util.regex.Matcher.search(I)Z @ 86
Event: 4.487 Thread 0x000000000b0db000 Uncommon trap: reason=class_check action=maybe_recompile pc=0x0000000002980284 method=java.util.regex.Matcher.search(I)Z @ 86
Event: 4.487 Thread 0x000000000b0db000 Uncommon trap: reason=class_check action=maybe_recompile pc=0x0000000002980284 method=java.util.regex.Matcher.search(I)Z @ 86
Event: 4.487 Thread 0x000000000b0db000 Uncommon trap: reason=class_check action=maybe_recompile pc=0x0000000002980284 method=java.util.regex.Matcher.search(I)Z @ 86

Internal exceptions (10 events):
Event: 4.468 Thread 0x000000000b0db000 Threw 0x00000000ead3f6d0 at C:\re\jdk7u80\2329\hotspot\src\share\vm\prims\jvm.cpp:1319
Event: 4.469 Thread 0x000000000b0db000 Threw 0x00000000ead466d8 at C:\re\jdk7u80\2329\hotspot\src\share\vm\prims\jvm.cpp:1319
Event: 4.469 Thread 0x000000000b0db000 Threw 0x00000000ead4df60 at C:\re\jdk7u80\2329\hotspot\src\share\vm\prims\jvm.cpp:1319
Event: 4.470 Thread 0x000000000b0db000 Threw 0x00000000ead5f1d0 at C:\re\jdk7u80\2329\hotspot\src\share\vm\prims\jvm.cpp:1319
Event: 4.470 Thread 0x000000000b0db000 Threw 0x00000000ead67528 at C:\re\jdk7u80\2329\hotspot\src\share\vm\prims\jvm.cpp:1319
Event: 4.470 Thread 0x000000000b0db000 Threw 0x00000000ead6e010 at C:\re\jdk7u80\2329\hotspot\src\share\vm\prims\jvm.cpp:1319
Event: 4.479 Thread 0x000000000b0db000 Threw 0x00000000eae01290 at C:\re\jdk7u80\2329\hotspot\src\share\vm\prims\jvm.cpp:1319
Event: 4.482 Thread 0x000000000b0db000 Threw 0x00000000eae37878 at C:\re\jdk7u80\2329\hotspot\src\share\vm\prims\jvm.cpp:1319
Event: 4.483 Thread 0x000000000b0db000 Threw 0x00000000eae4c968 at C:\re\jdk7u80\2329\hotspot\src\share\vm\prims\jvm.cpp:1319
Event: 4.486 Thread 0x000000000b0db000 Threw 0x00000000eae86880 at C:\re\jdk7u80\2329\hotspot\src\share\vm\prims\jvm.cpp:1319

Events (10 events):
Event: 4.487 Thread 0x000000000b0db000 DEOPT UNPACKING pc=0x00000000027d75a4 sp=0x000000000d83cce8 mode 2
Event: 4.487 Thread 0x000000000b0db000 Uncommon trap: trap_request=0xffffffde fr.pc=0x0000000002980284
Event: 4.487 Thread 0x000000000b0db000 DEOPT PACKING pc=0x0000000002980284 sp=0x000000000d83cd20
Event: 4.487 Thread 0x000000000b0db000 DEOPT UNPACKING pc=0x00000000027d75a4 sp=0x000000000d83cce8 mode 2
Event: 4.487 Thread 0x000000000b0db000 Uncommon trap: trap_request=0xffffffde fr.pc=0x0000000002980284
Event: 4.487 Thread 0x000000000b0db000 DEOPT PACKING pc=0x0000000002980284 sp=0x000000000d83cd20
Event: 4.487 Thread 0x000000000b0db000 DEOPT UNPACKING pc=0x00000000027d75a4 sp=0x000000000d83cce8 mode 2
Event: 4.487 Thread 0x000000000b0db000 Uncommon trap: trap_request=0xffffffde fr.pc=0x0000000002980284
Event: 4.487 Thread 0x000000000b0db000 DEOPT PACKING pc=0x0000000002980284 sp=0x000000000d83cd20
Event: 4.487 Thread 0x000000000b0db000 DEOPT UNPACKING pc=0x00000000027d75a4 sp=0x000000000d83cce8 mode 2


Dynamic libraries:
0x00007ff63c890000 - 0x00007ff63c8c3000 	C:\Program Files\Java\jdk1.7.0_80\bin\java.exe
0x00007ffa61d80000 - 0x00007ffa61f41000 	C:\Windows\SYSTEM32\ntdll.dll
0x00007ffa5f4e0000 - 0x00007ffa5f58d000 	C:\Windows\system32\KERNEL32.DLL
0x00007ffa5ec90000 - 0x00007ffa5ee6d000 	C:\Windows\system32\KERNELBASE.dll
0x00007ffa5f290000 - 0x00007ffa5f336000 	C:\Windows\system32\ADVAPI32.dll
0x00007ffa5f440000 - 0x00007ffa5f4dd000 	C:\Windows\system32\msvcrt.dll
0x00007ffa61d20000 - 0x00007ffa61d7b000 	C:\Windows\system32\sechost.dll
0x00007ffa61440000 - 0x00007ffa61566000 	C:\Windows\system32\RPCRT4.dll
0x00007ffa61a80000 - 0x00007ffa61bce000 	C:\Windows\system32\USER32.dll
0x00007ffa61640000 - 0x00007ffa617c6000 	C:\Windows\system32\GDI32.dll
0x00007ffa5b0c0000 - 0x00007ffa5b334000 	C:\Windows\WinSxS\amd64_microsoft.windows.common-controls_6595b64144ccf1df_6.0.10240.16384_none_f41f7b285750ef43\COMCTL32.dll
0x00007ffa5fd00000 - 0x00007ffa5fd36000 	C:\Windows\system32\IMM32.DLL
0x00007ffa5fad0000 - 0x00007ffa5fc2c000 	C:\Windows\system32\MSCTF.dll
0x0000000073d60000 - 0x0000000073e32000 	C:\Program Files\Java\jdk1.7.0_80\jre\bin\msvcr100.dll
0x0000000074620000 - 0x0000000074df9000 	C:\Program Files\Java\jdk1.7.0_80\jre\bin\server\jvm.dll
0x00007ffa5ee70000 - 0x00007ffa5ee93000 	C:\Windows\system32\WINMM.dll
0x00007ffa5e580000 - 0x00007ffa5e5ac000 	C:\Windows\system32\WINMMBASE.dll
0x00007ffa5cb90000 - 0x00007ffa5cb99000 	C:\Windows\SYSTEM32\WSOCK32.dll
0x00007ffa5f240000 - 0x00007ffa5f284000 	C:\Windows\system32\cfgmgr32.dll
0x00007ffa5e550000 - 0x00007ffa5e577000 	C:\Windows\system32\DEVOBJ.dll
0x00007ffa5f890000 - 0x00007ffa5f8f9000 	C:\Windows\system32\WS2_32.dll
0x00007ffa618d0000 - 0x00007ffa618d8000 	C:\Windows\system32\NSI.dll
0x00007ffa61580000 - 0x00007ffa61588000 	C:\Windows\system32\PSAPI.DLL
0x0000000075ac0000 - 0x0000000075acf000 	C:\Program Files\Java\jdk1.7.0_80\jre\bin\verify.dll
0x0000000075a90000 - 0x0000000075ab8000 	C:\Program Files\Java\jdk1.7.0_80\jre\bin\java.dll
0x0000000075a70000 - 0x0000000075a86000 	C:\Program Files\Java\jdk1.7.0_80\jre\bin\zip.dll
0x0000000075a50000 - 0x0000000075a6a000 	C:\Program Files\Java\jdk1.7.0_80\jre\bin\net.dll
0x00007ffa5dcf0000 - 0x00007ffa5dd4d000 	C:\Windows\system32\mswsock.dll
0x0000000075a30000 - 0x0000000075a41000 	C:\Program Files\Java\jdk1.7.0_80\jre\bin\nio.dll
0x00007ffa4ded0000 - 0x00007ffa4dee2000 	C:\Users\Administrator\.gradle\native\19\windows-amd64\native-platform.dll
0x00007ffa5f810000 - 0x00007ffa5f861000 	C:\Windows\system32\SHLWAPI.dll
0x00007ffa5f590000 - 0x00007ffa5f80c000 	C:\Windows\system32\combase.dll
0x00007ffa5c620000 - 0x00007ffa5c658000 	C:\Windows\SYSTEM32\IPHLPAPI.DLL
0x00007ffa5c4c0000 - 0x00007ffa5c4cb000 	C:\Windows\SYSTEM32\WINNSI.DLL
0x00007ffa5b4d0000 - 0x00007ffa5b4e6000 	C:\Windows\SYSTEM32\dhcpcsvc6.DLL
0x00007ffa5b490000 - 0x00007ffa5b4aa000 	C:\Windows\SYSTEM32\dhcpcsvc.DLL
0x00007ffa5df20000 - 0x00007ffa5df37000 	C:\Windows\SYSTEM32\CRYPTSP.dll
0x00007ffa5e480000 - 0x00007ffa5e4a8000 	C:\Windows\SYSTEM32\bcrypt.dll
0x00007ffa5da50000 - 0x00007ffa5da83000 	C:\Windows\system32\rsaenh.dll
0x00007ffa5dd50000 - 0x00007ffa5dd6f000 	C:\Windows\SYSTEM32\USERENV.dll
0x00007ffa5e5c0000 - 0x00007ffa5e5d3000 	C:\Windows\system32\profapi.dll
0x00007ffa5e370000 - 0x00007ffa5e3db000 	C:\Windows\system32\bcryptprimitives.dll
0x00007ffa5df90000 - 0x00007ffa5df9b000 	C:\Windows\SYSTEM32\CRYPTBASE.dll
0x0000000075830000 - 0x000000007583b000 	C:\Program Files\Java\jdk1.7.0_80\jre\bin\management.dll

VM Arguments:
jvm_args: -XX:MaxPermSize=256m -XX:+HeapDumpOnOutOfMemoryError -Xmx1024m -Dfile.encoding=GBK -Duser.country=CN -Duser.language=zh -Duser.variant 
java_command: org.gradle.launcher.daemon.bootstrap.GradleDaemon 2.8
Launcher Type: SUN_STANDARD

Environment Variables:
PATH=C:\Program Files (x86)\Intel\iCLS Client\;C:\Program Files\Intel\iCLS Client\;C:\Windows\system32;C:\Windows;C:\Windows\System32\Wbem;C:\Windows\System32\WindowsPowerShell\v1.0\;C:\Program Files (x86)\Intel\Intel(R) Management Engine Components\DAL;C:\Program Files\Intel\Intel(R) Management Engine Components\DAL;C:\Program Files (x86)\Intel\Intel(R) Management Engine Components\IPT;C:\Program Files\Intel\Intel(R) Management Engine Components\IPT;C:\Program Files (x86)\NVIDIA Corporation\PhysX\Common;C:\Program Files (x86)\Skype\Phone\;D:\Android\sdk;D:\Android\sdk\platform-tools;D:\Android\android-ndk-r9b;C:\Program Files\Git\cmd;D:\Program Files\cmder;D:\Android\sdk
USERNAME=Administrator
OS=Windows_NT
PROCESSOR_IDENTIFIER=Intel64 Family 6 Model 60 Stepping 3, GenuineIntel



---------------  S Y S T E M  ---------------

OS: Windows 8.1 , 64 bit Build 9600 

CPU:total 8 (4 cores per cpu, 2 threads per core) family 6 model 60 stepping 3, cmov, cx8, fxsr, mmx, sse, sse2, sse3, ssse3, sse4.1, sse4.2, popcnt, avx, avx2, aes, erms, ht, tsc, tscinvbit

Memory: 4k page, physical 8331820k(751308k free), swap 16123688k(5224k free)

vm_info: Java HotSpot(TM) 64-Bit Server VM (24.80-b11) for windows-amd64 JRE (1.7.0_80-b15), built on Apr 10 2015 11:26:34 by "java_re" with unknown MS VC++:1600

time: Sat Nov 28 00:32:09 2015
elapsed time: 4 seconds

